d:\dss\prj_lab_ex\pmpp_prj\cashashing3d\x64\debug\vc140.pdb
d:\dss\prj_lab_ex\pmpp_prj\cashashing3d\x64\debug\vc140.idb
d:\dss\prj_lab_ex\pmpp_prj\cashashing3d\x64\debug\main.obj
d:\dss\prj_lab_ex\pmpp_prj\cashashing3d\x64\debug\transferdata.obj
d:\dss\prj_lab_ex\pmpp_prj\cashashing3d\x64\debug\hashdatagenerator.obj
d:\dss\prj_lab_ex\pmpp_prj\cashashing3d\x64\debug\keyfilereader.obj
d:\dss\prj_lab_ex\pmpp_prj\x64\debug\cashashing3d.ilk
d:\dss\prj_lab_ex\pmpp_prj\x64\debug\cashashing3d.exe
d:\dss\prj_lab_ex\pmpp_prj\x64\debug\cashashing3d.pdb
d:\dss\prj_lab_ex\pmpp_prj\cashashing3d\x64\debug\hashdatageneratorgpu.cu.cache
d:\dss\prj_lab_ex\pmpp_prj\cashashing3d\x64\debug\kernel.cu.cache
d:\dss\prj_lab_ex\pmpp_prj\cashashing3d\x64\debug\kernel_test.cu.cache
d:\dss\prj_lab_ex\pmpp_prj\cashashing3d\x64\debug\hashdatageneratorgpu.cu.obj
d:\dss\prj_lab_ex\pmpp_prj\cashashing3d\x64\debug\kernel.cu.obj
d:\dss\prj_lab_ex\pmpp_prj\cashashing3d\x64\debug\kernel_test.cu.obj
d:\dss\prj_lab_ex\pmpp_prj\cashashing3d\x64\debug\cashashing3d.tlog\cl.command.1.tlog
d:\dss\prj_lab_ex\pmpp_prj\cashashing3d\x64\debug\cashashing3d.tlog\cl.read.1.tlog
d:\dss\prj_lab_ex\pmpp_prj\cashashing3d\x64\debug\cashashing3d.tlog\cl.write.1.tlog
d:\dss\prj_lab_ex\pmpp_prj\cashashing3d\x64\debug\cashashing3d.tlog\link-cvtres.read.1.tlog
d:\dss\prj_lab_ex\pmpp_prj\cashashing3d\x64\debug\cashashing3d.tlog\link-cvtres.write.1.tlog
d:\dss\prj_lab_ex\pmpp_prj\cashashing3d\x64\debug\cashashing3d.tlog\link-rc.read.1.tlog
d:\dss\prj_lab_ex\pmpp_prj\cashashing3d\x64\debug\cashashing3d.tlog\link-rc.write.1.tlog
d:\dss\prj_lab_ex\pmpp_prj\cashashing3d\x64\debug\cashashing3d.tlog\link.12208-cvtres.read.1.tlog
d:\dss\prj_lab_ex\pmpp_prj\cashashing3d\x64\debug\cashashing3d.tlog\link.12208-cvtres.write.1.tlog
d:\dss\prj_lab_ex\pmpp_prj\cashashing3d\x64\debug\cashashing3d.tlog\link.12208-rc.read.1.tlog
d:\dss\prj_lab_ex\pmpp_prj\cashashing3d\x64\debug\cashashing3d.tlog\link.12208-rc.write.1.tlog
d:\dss\prj_lab_ex\pmpp_prj\cashashing3d\x64\debug\cashashing3d.tlog\link.12208.read.1.tlog
d:\dss\prj_lab_ex\pmpp_prj\cashashing3d\x64\debug\cashashing3d.tlog\link.12208.write.1.tlog
d:\dss\prj_lab_ex\pmpp_prj\cashashing3d\x64\debug\cashashing3d.tlog\link.command.1.tlog
d:\dss\prj_lab_ex\pmpp_prj\cashashing3d\x64\debug\cashashing3d.tlog\link.read.1.tlog
d:\dss\prj_lab_ex\pmpp_prj\cashashing3d\x64\debug\cashashing3d.tlog\link.write.1.tlog
